<?xml version="1.0" encoding="UTF-8"?>
<!-- Generated by org.testng.reporters.JUnitReportReporter -->
<testsuite hostname="lenovo" failures="0" tests="1" name="com.Azure.TestLayer.ValidLogin" time="10.078" errors="0" timestamp="2022-06-29T15:39:46 IST" skipped="0">
  <testcase classname="com.Azure.TestLayer.ValidLogin" name="testValidLgin" time="10.078"/>
  <system-out/>
</testsuite> <!-- com.Azure.TestLayer.ValidLogin -->
